# file created : 2020-04-03 12:00
# protocol version 2.0

# open and check COM13 (setting=115200/8b/1s/N)
# S> ts=4.036ms --------------------------------------------------------
reqid: 1
cmd: CMD_SYNC
param: 0
name: ""
opt: 0
# S< dur=2.833ms(0.000ms) 33bytes(11) 11.375(3.792)KiB/s ---------------
# R> ts=208.171ms ------------------------------------------------------
# S> ts=311.691ms ------------------------------------------------------
reqid: 2
cmd: CMD_SYNC
param: 0
name: ""
opt: 0
# S< dur=2.924ms(0.000ms) 33bytes(11) 11.023(3.674)KiB/s ---------------
# R> ts=515.092ms ------------------------------------------------------
# S> ts=618.211ms ------------------------------------------------------
reqid: 3
cmd: CMD_SYNC
param: 0
name: ""
opt: 0
# S< dur=2.999ms(0.000ms) 33bytes(11) 10.744(3.581)KiB/s ---------------
# R> ts=821.424ms ------------------------------------------------------
# S> ts=926.078ms ------------------------------------------------------
reqid: 4
cmd: CMD_SYNC
param: 0
name: ""
opt: 0
# S< dur=2.882ms(0.000ms) 33bytes(11) 11.183(3.728)KiB/s ---------------
# R> ts=1129.964ms -----------------------------------------------------
# S> ts=1234.043ms -----------------------------------------------------
reqid: 5
cmd: CMD_SYNC
param: 0
name: ""
opt: 0
# S< dur=2.988ms(0.000ms) 33bytes(11) 10.784(3.595)KiB/s ---------------
# R> ts=1437.258ms -----------------------------------------------------
# S> ts=1540.375ms -----------------------------------------------------
reqid: 6
cmd: CMD_SYNC
param: 0
name: ""
opt: 0
# S< dur=2.917ms(0.000ms) 33bytes(11) 11.047(3.682)KiB/s ---------------
# R> ts=1743.875ms -----------------------------------------------------
# S> ts=1848.639ms -----------------------------------------------------
reqid: 7
cmd: CMD_SYNC
param: 0
name: ""
opt: 0
# S< dur=2.900ms(0.000ms) 33bytes(11) 11.111(3.704)KiB/s ---------------
# R> ts=2051.943ms -----------------------------------------------------
# S> ts=2155.900ms -----------------------------------------------------
reqid: 8
cmd: CMD_SYNC
param: 0
name: ""
opt: 0
# S< dur=2.850ms(0.000ms) 33bytes(11) 11.306(3.769)KiB/s ---------------
# R> ts=2359.295ms -----------------------------------------------------
# S> ts=2463.671ms -----------------------------------------------------
reqid: 9
cmd: CMD_SYNC
param: 0
name: ""
opt: 0
# S< dur=2.985ms(0.000ms) 33bytes(11) 10.797(3.599)KiB/s ---------------
# R> ts=2667.121ms -----------------------------------------------------
# S> ts=2771.792ms -----------------------------------------------------
reqid: 10
cmd: CMD_SYNC
param: 0
name: ""
opt: 0
# S< dur=3.014ms(0.000ms) 33bytes(11) 10.694(3.565)KiB/s ---------------
# R> ts=2975.606ms -----------------------------------------------------
# S> ts=3079.609ms -----------------------------------------------------
reqid: 11
cmd: CMD_SYNC
param: 0
name: ""
opt: 0
# S< dur=3.099ms(0.000ms) 33bytes(11) 10.399(3.466)KiB/s ---------------
# R> ts=3284.057ms -----------------------------------------------------
# S> ts=3388.822ms -----------------------------------------------------
reqid: 12
cmd: CMD_SYNC
param: 0
name: ""
opt: 0
# S< dur=2.912ms(0.000ms) 33bytes(11) 11.067(3.689)KiB/s ---------------
# R> ts=3592.008ms -----------------------------------------------------
# S> ts=3696.920ms -----------------------------------------------------
reqid: 13
cmd: CMD_SYNC
param: 0
name: ""
opt: 0
# S< dur=2.928ms(0.000ms) 33bytes(11) 11.006(3.669)KiB/s ---------------
# R> ts=3900.515ms -----------------------------------------------------
# S> ts=4004.712ms -----------------------------------------------------
reqid: 14
cmd: CMD_SYNC
param: 0
name: ""
opt: 0
# S< dur=2.954ms(0.000ms) 33bytes(11) 10.911(3.637)KiB/s ---------------
# R> ts=4208.333ms -----------------------------------------------------
# S> ts=4313.766ms -----------------------------------------------------
reqid: 15
cmd: CMD_SYNC
param: 0
name: ""
opt: 0
# S< dur=2.857ms(0.000ms) 33bytes(11) 11.279(3.760)KiB/s ---------------
# R> ts=4517.623ms -----------------------------------------------------
# S> ts=4621.031ms -----------------------------------------------------
reqid: 16
cmd: CMD_SYNC
param: 0
name: ""
opt: 0
# S< dur=3.006ms(0.000ms) 33bytes(11) 10.720(3.573)KiB/s ---------------
# R> ts=4824.690ms -----------------------------------------------------
# S> ts=4928.747ms -----------------------------------------------------
reqid: 17
cmd: CMD_SYNC
param: 0
name: ""
opt: 0
# S< dur=2.984ms(0.000ms) 33bytes(11) 10.800(3.600)KiB/s ---------------
# R> ts=5132.760ms -----------------------------------------------------
# S> ts=5236.832ms -----------------------------------------------------
reqid: 18
cmd: CMD_SYNC
param: 0
name: ""
opt: 0
# S< dur=2.898ms(0.000ms) 33bytes(11) 11.120(3.707)KiB/s ---------------
# R> ts=5439.828ms -----------------------------------------------------
# S> ts=5543.169ms -----------------------------------------------------
reqid: 19
cmd: CMD_SYNC
param: 0
name: ""
opt: 0
# S< dur=2.888ms(0.000ms) 33bytes(11) 11.159(3.720)KiB/s ---------------
# R> ts=5746.187ms -----------------------------------------------------
# S> ts=5850.694ms -----------------------------------------------------
reqid: 20
cmd: CMD_SYNC
param: 0
name: ""
opt: 0
# S< dur=2.967ms(0.000ms) 33bytes(11) 10.863(3.621)KiB/s ---------------
# R> ts=6053.885ms -----------------------------------------------------
# S> ts=6158.290ms -----------------------------------------------------
reqid: 21
cmd: CMD_SYNC
param: 0
name: ""
opt: 0
# S< dur=3.035ms(0.000ms) 33bytes(11) 10.617(3.539)KiB/s ---------------
# R> ts=6362.487ms -----------------------------------------------------
# S> ts=6466.543ms -----------------------------------------------------
reqid: 22
cmd: CMD_SYNC
param: 0
name: ""
opt: 0
# S< dur=2.902ms(0.000ms) 33bytes(11) 11.107(3.702)KiB/s ---------------
# R> ts=6669.872ms -----------------------------------------------------
# S> ts=6774.249ms -----------------------------------------------------
reqid: 23
cmd: CMD_SYNC
param: 0
name: ""
opt: 0
# S< dur=2.963ms(0.000ms) 33bytes(11) 10.877(3.626)KiB/s ---------------
# R> ts=6978.128ms -----------------------------------------------------
# S> ts=7082.138ms -----------------------------------------------------
reqid: 24
cmd: CMD_SYNC
param: 0
name: ""
opt: 0
# S< dur=2.896ms(0.000ms) 33bytes(11) 11.129(3.710)KiB/s ---------------
# R> ts=7285.219ms -----------------------------------------------------
# S> ts=7389.368ms -----------------------------------------------------
reqid: 25
cmd: CMD_SYNC
param: 0
name: ""
opt: 0
# S< dur=2.948ms(0.000ms) 33bytes(11) 10.930(3.643)KiB/s ---------------
# R> ts=7592.833ms -----------------------------------------------------
# S> ts=7695.913ms -----------------------------------------------------
reqid: 26
cmd: CMD_SYNC
param: 0
name: ""
opt: 0
# S< dur=2.912ms(0.000ms) 33bytes(11) 11.066(3.689)KiB/s ---------------
# R> ts=7898.909ms -----------------------------------------------------
# S> ts=8002.348ms -----------------------------------------------------
reqid: 27
cmd: CMD_SYNC
param: 0
name: ""
opt: 0
# S< dur=2.938ms(0.000ms) 33bytes(11) 10.970(3.657)KiB/s ---------------
# R> ts=8205.425ms -----------------------------------------------------
# S> ts=8309.278ms -----------------------------------------------------
reqid: 28
cmd: CMD_SYNC
param: 0
name: ""
opt: 0
# S< dur=3.002ms(0.000ms) 33bytes(11) 10.736(3.579)KiB/s ---------------
# R> ts=8513.067ms -----------------------------------------------------
# S> ts=8617.169ms -----------------------------------------------------
reqid: 29
cmd: CMD_SYNC
param: 0
name: ""
opt: 0
# S< dur=2.910ms(0.000ms) 33bytes(11) 11.074(3.691)KiB/s ---------------
# R> ts=8820.347ms -----------------------------------------------------
# S> ts=8923.842ms -----------------------------------------------------
reqid: 30
cmd: CMD_SYNC
param: 0
name: ""
opt: 0
# S< dur=3.189ms(0.000ms) 33bytes(11) 10.105(3.368)KiB/s ---------------
# R> ts=9128.592ms -----------------------------------------------------
# S> ts=9232.771ms -----------------------------------------------------
reqid: 31
cmd: CMD_SYNC
param: 0
name: ""
opt: 0
# S< dur=2.986ms(0.000ms) 33bytes(11) 10.793(3.598)KiB/s ---------------
# R> ts=9436.001ms -----------------------------------------------------
# S> ts=9539.697ms -----------------------------------------------------
reqid: 32
cmd: CMD_SYNC
param: 0
name: ""
opt: 0
# S< dur=2.980ms(0.000ms) 33bytes(11) 10.812(3.604)KiB/s ---------------
# R> ts=9742.857ms -----------------------------------------------------
# S> ts=9846.700ms -----------------------------------------------------
reqid: 33
cmd: CMD_SYNC
param: 0
name: ""
opt: 0
# S< dur=2.904ms(0.000ms) 33bytes(11) 11.096(3.699)KiB/s ---------------
# R> ts=10050.133ms ----------------------------------------------------
# S> ts=10153.691ms ----------------------------------------------------
reqid: 34
cmd: CMD_SYNC
param: 0
name: ""
opt: 0
# S< dur=3.177ms(0.000ms) 33bytes(11) 10.143(3.381)KiB/s ---------------
# R> ts=10356.907ms ----------------------------------------------------
# S> ts=10461.323ms ----------------------------------------------------
reqid: 35
cmd: CMD_SYNC
param: 0
name: ""
opt: 0
# S< dur=3.032ms(0.000ms) 33bytes(11) 10.630(3.543)KiB/s ---------------
# R> ts=10664.947ms ----------------------------------------------------
# S> ts=10768.382ms ----------------------------------------------------
reqid: 36
cmd: CMD_SYNC
param: 0
name: ""
opt: 0
# S< dur=2.879ms(0.000ms) 33bytes(11) 11.194(3.731)KiB/s ---------------
# R> ts=10972.280ms ----------------------------------------------------
# S> ts=11075.340ms ----------------------------------------------------
reqid: 37
cmd: CMD_SYNC
param: 0
name: ""
opt: 0
# S< dur=2.982ms(0.000ms) 33bytes(11) 10.805(3.602)KiB/s ---------------
# R> ts=11278.610ms ----------------------------------------------------
# S> ts=11383.472ms ----------------------------------------------------
reqid: 38
cmd: CMD_SYNC
param: 0
name: ""
opt: 0
# S< dur=3.002ms(0.000ms) 33bytes(11) 10.734(3.578)KiB/s ---------------
# R> ts=11587.136ms ----------------------------------------------------
# S> ts=11691.616ms ----------------------------------------------------
reqid: 39
cmd: CMD_SYNC
param: 0
name: ""
opt: 0
# S< dur=2.918ms(0.000ms) 33bytes(11) 11.044(3.681)KiB/s ---------------
# R> ts=11894.691ms ----------------------------------------------------
# S> ts=11999.273ms ----------------------------------------------------
reqid: 40
cmd: CMD_SYNC
param: 0
name: ""
opt: 0
# S< dur=2.928ms(0.000ms) 33bytes(11) 11.007(3.669)KiB/s ---------------
# R> ts=12202.730ms ----------------------------------------------------
# S> ts=12307.742ms ----------------------------------------------------
reqid: 41
cmd: CMD_SYNC
param: 0
name: ""
opt: 0
# S< dur=2.987ms(0.000ms) 33bytes(11) 10.789(3.596)KiB/s ---------------
# R> ts=12511.451ms ----------------------------------------------------
# S> ts=12616.248ms ----------------------------------------------------
reqid: 42
cmd: CMD_SYNC
param: 0
name: ""
opt: 0
# S< dur=2.896ms(0.000ms) 33bytes(11) 11.129(3.710)KiB/s ---------------
# R> ts=12820.085ms ----------------------------------------------------
# S> ts=12924.750ms ----------------------------------------------------
reqid: 43
cmd: CMD_SYNC
param: 0
name: ""
opt: 0
# S< dur=2.879ms(0.000ms) 33bytes(11) 11.192(3.731)KiB/s ---------------
# R> ts=13127.828ms ----------------------------------------------------
# S> ts=13231.689ms ----------------------------------------------------
reqid: 44
cmd: CMD_SYNC
param: 0
name: ""
opt: 0
# S< dur=2.932ms(0.000ms) 33bytes(11) 10.992(3.664)KiB/s ---------------
# R> ts=13434.780ms ----------------------------------------------------
# S> ts=13539.614ms ----------------------------------------------------
reqid: 45
cmd: CMD_SYNC
param: 0
name: ""
opt: 0
# S< dur=3.012ms(0.000ms) 33bytes(11) 10.698(3.566)KiB/s ---------------
# R> ts=13742.866ms ----------------------------------------------------
# S> ts=13846.637ms ----------------------------------------------------
reqid: 46
cmd: CMD_SYNC
param: 0
name: ""
opt: 0
# S< dur=2.899ms(0.000ms) 33bytes(11) 11.118(3.706)KiB/s ---------------
# R> ts=14050.620ms ----------------------------------------------------
# S> ts=14156.060ms ----------------------------------------------------
reqid: 47
cmd: CMD_SYNC
param: 0
name: ""
opt: 0
# S< dur=2.887ms(0.000ms) 33bytes(11) 11.162(3.721)KiB/s ---------------
# R> ts=14359.719ms ----------------------------------------------------
# S> ts=14463.437ms ----------------------------------------------------
reqid: 48
cmd: CMD_SYNC
param: 0
name: ""
opt: 0
# S< dur=2.905ms(0.000ms) 33bytes(11) 11.095(3.698)KiB/s ---------------
# R> ts=14666.734ms ----------------------------------------------------
# S> ts=14771.233ms ----------------------------------------------------
reqid: 49
cmd: CMD_SYNC
param: 0
name: ""
opt: 0
# S< dur=2.986ms(0.000ms) 33bytes(11) 10.794(3.598)KiB/s ---------------
# R> ts=14975.299ms ----------------------------------------------------
# S> ts=15079.702ms ----------------------------------------------------
reqid: 50
cmd: CMD_SYNC
param: 0
name: ""
opt: 0
# S< dur=2.945ms(0.000ms) 33bytes(11) 10.943(3.648)KiB/s ---------------
# R> ts=15283.348ms ----------------------------------------------------
# COM13 is NOT valid
