ARM GAS  C:\Users\grgcz\AppData\Local\Temp\ccpuP4NI.s 			page 1


   1              		.cpu cortex-m4
   2              		.eabi_attribute 27, 1
   3              		.eabi_attribute 28, 1
   4              		.eabi_attribute 20, 1
   5              		.eabi_attribute 21, 1
   6              		.eabi_attribute 23, 3
   7              		.eabi_attribute 24, 1
   8              		.eabi_attribute 25, 1
   9              		.eabi_attribute 26, 1
  10              		.eabi_attribute 30, 1
  11              		.eabi_attribute 34, 1
  12              		.eabi_attribute 18, 4
  13              		.file	"stm32f4xx_hal_msp.c"
  14              		.text
  15              	.Ltext0:
  16              		.cfi_sections	.debug_frame
  17              		.section	.text.HAL_MspInit,"ax",%progbits
  18              		.align	1
  19              		.global	HAL_MspInit
  20              		.arch armv7e-m
  21              		.syntax unified
  22              		.thumb
  23              		.thumb_func
  24              		.fpu fpv4-sp-d16
  26              	HAL_MspInit:
  27              	.LFB130:
  28              		.file 1 "Src/stm32f4xx_hal_msp.c"
   1:Src/stm32f4xx_hal_msp.c **** /* USER CODE BEGIN Header */
   2:Src/stm32f4xx_hal_msp.c **** /**
   3:Src/stm32f4xx_hal_msp.c ****   ******************************************************************************
   4:Src/stm32f4xx_hal_msp.c ****   * File Name          : stm32f4xx_hal_msp.c
   5:Src/stm32f4xx_hal_msp.c ****   * Description        : This file provides code for the MSP Initialization 
   6:Src/stm32f4xx_hal_msp.c ****   *                      and de-Initialization codes.
   7:Src/stm32f4xx_hal_msp.c ****   ******************************************************************************
   8:Src/stm32f4xx_hal_msp.c ****   * @attention
   9:Src/stm32f4xx_hal_msp.c ****   *
  10:Src/stm32f4xx_hal_msp.c ****   * <h2><center>&copy; Copyright (c) 2020 STMicroelectronics.
  11:Src/stm32f4xx_hal_msp.c ****   * All rights reserved.</center></h2>
  12:Src/stm32f4xx_hal_msp.c ****   *
  13:Src/stm32f4xx_hal_msp.c ****   * This software component is licensed by ST under Ultimate Liberty license
  14:Src/stm32f4xx_hal_msp.c ****   * SLA0044, the "License"; You may not use this file except in compliance with
  15:Src/stm32f4xx_hal_msp.c ****   * the License. You may obtain a copy of the License at:
  16:Src/stm32f4xx_hal_msp.c ****   *                             www.st.com/SLA0044
  17:Src/stm32f4xx_hal_msp.c ****   *
  18:Src/stm32f4xx_hal_msp.c ****   ******************************************************************************
  19:Src/stm32f4xx_hal_msp.c ****   */
  20:Src/stm32f4xx_hal_msp.c **** /* USER CODE END Header */
  21:Src/stm32f4xx_hal_msp.c **** 
  22:Src/stm32f4xx_hal_msp.c **** /* Includes ------------------------------------------------------------------*/
  23:Src/stm32f4xx_hal_msp.c **** #include "main.h"
  24:Src/stm32f4xx_hal_msp.c **** /* USER CODE BEGIN Includes */
  25:Src/stm32f4xx_hal_msp.c **** 
  26:Src/stm32f4xx_hal_msp.c **** /* USER CODE END Includes */
  27:Src/stm32f4xx_hal_msp.c **** 
  28:Src/stm32f4xx_hal_msp.c **** /* Private typedef -----------------------------------------------------------*/
  29:Src/stm32f4xx_hal_msp.c **** /* USER CODE BEGIN TD */
  30:Src/stm32f4xx_hal_msp.c **** 
ARM GAS  C:\Users\grgcz\AppData\Local\Temp\ccpuP4NI.s 			page 2


  31:Src/stm32f4xx_hal_msp.c **** /* USER CODE END TD */
  32:Src/stm32f4xx_hal_msp.c **** 
  33:Src/stm32f4xx_hal_msp.c **** /* Private define ------------------------------------------------------------*/
  34:Src/stm32f4xx_hal_msp.c **** /* USER CODE BEGIN Define */
  35:Src/stm32f4xx_hal_msp.c ****  
  36:Src/stm32f4xx_hal_msp.c **** /* USER CODE END Define */
  37:Src/stm32f4xx_hal_msp.c **** 
  38:Src/stm32f4xx_hal_msp.c **** /* Private macro -------------------------------------------------------------*/
  39:Src/stm32f4xx_hal_msp.c **** /* USER CODE BEGIN Macro */
  40:Src/stm32f4xx_hal_msp.c **** 
  41:Src/stm32f4xx_hal_msp.c **** /* USER CODE END Macro */
  42:Src/stm32f4xx_hal_msp.c **** 
  43:Src/stm32f4xx_hal_msp.c **** /* Private variables ---------------------------------------------------------*/
  44:Src/stm32f4xx_hal_msp.c **** /* USER CODE BEGIN PV */
  45:Src/stm32f4xx_hal_msp.c **** 
  46:Src/stm32f4xx_hal_msp.c **** /* USER CODE END PV */
  47:Src/stm32f4xx_hal_msp.c **** 
  48:Src/stm32f4xx_hal_msp.c **** /* Private function prototypes -----------------------------------------------*/
  49:Src/stm32f4xx_hal_msp.c **** /* USER CODE BEGIN PFP */
  50:Src/stm32f4xx_hal_msp.c **** 
  51:Src/stm32f4xx_hal_msp.c **** /* USER CODE END PFP */
  52:Src/stm32f4xx_hal_msp.c **** 
  53:Src/stm32f4xx_hal_msp.c **** /* External functions --------------------------------------------------------*/
  54:Src/stm32f4xx_hal_msp.c **** /* USER CODE BEGIN ExternalFunctions */
  55:Src/stm32f4xx_hal_msp.c **** 
  56:Src/stm32f4xx_hal_msp.c **** /* USER CODE END ExternalFunctions */
  57:Src/stm32f4xx_hal_msp.c **** 
  58:Src/stm32f4xx_hal_msp.c **** /* USER CODE BEGIN 0 */
  59:Src/stm32f4xx_hal_msp.c **** 
  60:Src/stm32f4xx_hal_msp.c **** /* USER CODE END 0 */
  61:Src/stm32f4xx_hal_msp.c **** /**
  62:Src/stm32f4xx_hal_msp.c ****   * Initializes the Global MSP.
  63:Src/stm32f4xx_hal_msp.c ****   */
  64:Src/stm32f4xx_hal_msp.c **** void HAL_MspInit(void)
  65:Src/stm32f4xx_hal_msp.c **** {
  29              		.loc 1 65 1 view -0
  30              		.cfi_startproc
  31              		@ args = 0, pretend = 0, frame = 8
  32              		@ frame_needed = 0, uses_anonymous_args = 0
  33 0000 00B5     		push	{lr}
  34              	.LCFI0:
  35              		.cfi_def_cfa_offset 4
  36              		.cfi_offset 14, -4
  37 0002 83B0     		sub	sp, sp, #12
  38              	.LCFI1:
  39              		.cfi_def_cfa_offset 16
  66:Src/stm32f4xx_hal_msp.c ****   /* USER CODE BEGIN MspInit 0 */
  67:Src/stm32f4xx_hal_msp.c **** 
  68:Src/stm32f4xx_hal_msp.c ****   /* USER CODE END MspInit 0 */
  69:Src/stm32f4xx_hal_msp.c **** 
  70:Src/stm32f4xx_hal_msp.c ****   __HAL_RCC_SYSCFG_CLK_ENABLE();
  40              		.loc 1 70 3 view .LVU1
  41              	.LBB2:
  42              		.loc 1 70 3 view .LVU2
  43 0004 0021     		movs	r1, #0
  44 0006 0091     		str	r1, [sp]
  45              		.loc 1 70 3 view .LVU3
ARM GAS  C:\Users\grgcz\AppData\Local\Temp\ccpuP4NI.s 			page 3


  46 0008 0C4B     		ldr	r3, .L3
  47 000a 5A6C     		ldr	r2, [r3, #68]
  48 000c 42F48042 		orr	r2, r2, #16384
  49 0010 5A64     		str	r2, [r3, #68]
  50              		.loc 1 70 3 view .LVU4
  51 0012 5A6C     		ldr	r2, [r3, #68]
  52 0014 02F48042 		and	r2, r2, #16384
  53 0018 0092     		str	r2, [sp]
  54              		.loc 1 70 3 view .LVU5
  55 001a 009A     		ldr	r2, [sp]
  56              	.LBE2:
  71:Src/stm32f4xx_hal_msp.c ****   __HAL_RCC_PWR_CLK_ENABLE();
  57              		.loc 1 71 3 view .LVU6
  58              	.LBB3:
  59              		.loc 1 71 3 view .LVU7
  60 001c 0191     		str	r1, [sp, #4]
  61              		.loc 1 71 3 view .LVU8
  62 001e 1A6C     		ldr	r2, [r3, #64]
  63 0020 42F08052 		orr	r2, r2, #268435456
  64 0024 1A64     		str	r2, [r3, #64]
  65              		.loc 1 71 3 view .LVU9
  66 0026 1B6C     		ldr	r3, [r3, #64]
  67 0028 03F08053 		and	r3, r3, #268435456
  68 002c 0193     		str	r3, [sp, #4]
  69              		.loc 1 71 3 view .LVU10
  70 002e 019B     		ldr	r3, [sp, #4]
  71              	.LBE3:
  72:Src/stm32f4xx_hal_msp.c **** 
  73:Src/stm32f4xx_hal_msp.c ****   HAL_NVIC_SetPriorityGrouping(NVIC_PRIORITYGROUP_0);
  72              		.loc 1 73 3 view .LVU11
  73 0030 0720     		movs	r0, #7
  74 0032 FFF7FEFF 		bl	HAL_NVIC_SetPriorityGrouping
  75              	.LVL0:
  74:Src/stm32f4xx_hal_msp.c **** 
  75:Src/stm32f4xx_hal_msp.c ****   /* System interrupt init*/
  76:Src/stm32f4xx_hal_msp.c **** 
  77:Src/stm32f4xx_hal_msp.c ****   /* USER CODE BEGIN MspInit 1 */
  78:Src/stm32f4xx_hal_msp.c **** 
  79:Src/stm32f4xx_hal_msp.c ****   /* USER CODE END MspInit 1 */
  80:Src/stm32f4xx_hal_msp.c **** }
  76              		.loc 1 80 1 is_stmt 0 view .LVU12
  77 0036 03B0     		add	sp, sp, #12
  78              	.LCFI2:
  79              		.cfi_def_cfa_offset 4
  80              		@ sp needed
  81 0038 5DF804FB 		ldr	pc, [sp], #4
  82              	.L4:
  83              		.align	2
  84              	.L3:
  85 003c 00380240 		.word	1073887232
  86              		.cfi_endproc
  87              	.LFE130:
  89              		.section	.text.HAL_CRC_MspInit,"ax",%progbits
  90              		.align	1
  91              		.global	HAL_CRC_MspInit
  92              		.syntax unified
  93              		.thumb
ARM GAS  C:\Users\grgcz\AppData\Local\Temp\ccpuP4NI.s 			page 4


  94              		.thumb_func
  95              		.fpu fpv4-sp-d16
  97              	HAL_CRC_MspInit:
  98              	.LVL1:
  99              	.LFB131:
  81:Src/stm32f4xx_hal_msp.c **** 
  82:Src/stm32f4xx_hal_msp.c **** /**
  83:Src/stm32f4xx_hal_msp.c **** * @brief CRC MSP Initialization
  84:Src/stm32f4xx_hal_msp.c **** * This function configures the hardware resources used in this example
  85:Src/stm32f4xx_hal_msp.c **** * @param hcrc: CRC handle pointer
  86:Src/stm32f4xx_hal_msp.c **** * @retval None
  87:Src/stm32f4xx_hal_msp.c **** */
  88:Src/stm32f4xx_hal_msp.c **** void HAL_CRC_MspInit(CRC_HandleTypeDef* hcrc)
  89:Src/stm32f4xx_hal_msp.c **** {
 100              		.loc 1 89 1 is_stmt 1 view -0
 101              		.cfi_startproc
 102              		@ args = 0, pretend = 0, frame = 8
 103              		@ frame_needed = 0, uses_anonymous_args = 0
 104              		@ link register save eliminated.
  90:Src/stm32f4xx_hal_msp.c ****   if(hcrc->Instance==CRC)
 105              		.loc 1 90 3 view .LVU14
 106              		.loc 1 90 10 is_stmt 0 view .LVU15
 107 0000 0268     		ldr	r2, [r0]
 108              		.loc 1 90 5 view .LVU16
 109 0002 094B     		ldr	r3, .L12
 110 0004 9A42     		cmp	r2, r3
 111 0006 00D0     		beq	.L11
 112 0008 7047     		bx	lr
 113              	.L11:
  89:Src/stm32f4xx_hal_msp.c ****   if(hcrc->Instance==CRC)
 114              		.loc 1 89 1 view .LVU17
 115 000a 82B0     		sub	sp, sp, #8
 116              	.LCFI3:
 117              		.cfi_def_cfa_offset 8
  91:Src/stm32f4xx_hal_msp.c ****   {
  92:Src/stm32f4xx_hal_msp.c ****   /* USER CODE BEGIN CRC_MspInit 0 */
  93:Src/stm32f4xx_hal_msp.c **** 
  94:Src/stm32f4xx_hal_msp.c ****   /* USER CODE END CRC_MspInit 0 */
  95:Src/stm32f4xx_hal_msp.c ****     /* Peripheral clock enable */
  96:Src/stm32f4xx_hal_msp.c ****     __HAL_RCC_CRC_CLK_ENABLE();
 118              		.loc 1 96 5 is_stmt 1 view .LVU18
 119              	.LBB4:
 120              		.loc 1 96 5 view .LVU19
 121 000c 0023     		movs	r3, #0
 122 000e 0193     		str	r3, [sp, #4]
 123              		.loc 1 96 5 view .LVU20
 124 0010 064B     		ldr	r3, .L12+4
 125 0012 1A6B     		ldr	r2, [r3, #48]
 126 0014 42F48052 		orr	r2, r2, #4096
 127 0018 1A63     		str	r2, [r3, #48]
 128              		.loc 1 96 5 view .LVU21
 129 001a 1B6B     		ldr	r3, [r3, #48]
 130 001c 03F48053 		and	r3, r3, #4096
 131 0020 0193     		str	r3, [sp, #4]
 132              		.loc 1 96 5 view .LVU22
 133 0022 019B     		ldr	r3, [sp, #4]
 134              	.LBE4:
ARM GAS  C:\Users\grgcz\AppData\Local\Temp\ccpuP4NI.s 			page 5


  97:Src/stm32f4xx_hal_msp.c ****   /* USER CODE BEGIN CRC_MspInit 1 */
  98:Src/stm32f4xx_hal_msp.c **** 
  99:Src/stm32f4xx_hal_msp.c ****   /* USER CODE END CRC_MspInit 1 */
 100:Src/stm32f4xx_hal_msp.c ****   }
 101:Src/stm32f4xx_hal_msp.c **** 
 102:Src/stm32f4xx_hal_msp.c **** }
 135              		.loc 1 102 1 is_stmt 0 view .LVU23
 136 0024 02B0     		add	sp, sp, #8
 137              	.LCFI4:
 138              		.cfi_def_cfa_offset 0
 139              		@ sp needed
 140 0026 7047     		bx	lr
 141              	.L13:
 142              		.align	2
 143              	.L12:
 144 0028 00300240 		.word	1073885184
 145 002c 00380240 		.word	1073887232
 146              		.cfi_endproc
 147              	.LFE131:
 149              		.section	.text.HAL_CRC_MspDeInit,"ax",%progbits
 150              		.align	1
 151              		.global	HAL_CRC_MspDeInit
 152              		.syntax unified
 153              		.thumb
 154              		.thumb_func
 155              		.fpu fpv4-sp-d16
 157              	HAL_CRC_MspDeInit:
 158              	.LVL2:
 159              	.LFB132:
 103:Src/stm32f4xx_hal_msp.c **** 
 104:Src/stm32f4xx_hal_msp.c **** /**
 105:Src/stm32f4xx_hal_msp.c **** * @brief CRC MSP De-Initialization
 106:Src/stm32f4xx_hal_msp.c **** * This function freeze the hardware resources used in this example
 107:Src/stm32f4xx_hal_msp.c **** * @param hcrc: CRC handle pointer
 108:Src/stm32f4xx_hal_msp.c **** * @retval None
 109:Src/stm32f4xx_hal_msp.c **** */
 110:Src/stm32f4xx_hal_msp.c **** void HAL_CRC_MspDeInit(CRC_HandleTypeDef* hcrc)
 111:Src/stm32f4xx_hal_msp.c **** {
 160              		.loc 1 111 1 is_stmt 1 view -0
 161              		.cfi_startproc
 162              		@ args = 0, pretend = 0, frame = 0
 163              		@ frame_needed = 0, uses_anonymous_args = 0
 164              		@ link register save eliminated.
 112:Src/stm32f4xx_hal_msp.c ****   if(hcrc->Instance==CRC)
 165              		.loc 1 112 3 view .LVU25
 166              		.loc 1 112 10 is_stmt 0 view .LVU26
 167 0000 0268     		ldr	r2, [r0]
 168              		.loc 1 112 5 view .LVU27
 169 0002 054B     		ldr	r3, .L17
 170 0004 9A42     		cmp	r2, r3
 171 0006 00D0     		beq	.L16
 172              	.L14:
 113:Src/stm32f4xx_hal_msp.c ****   {
 114:Src/stm32f4xx_hal_msp.c ****   /* USER CODE BEGIN CRC_MspDeInit 0 */
 115:Src/stm32f4xx_hal_msp.c **** 
 116:Src/stm32f4xx_hal_msp.c ****   /* USER CODE END CRC_MspDeInit 0 */
 117:Src/stm32f4xx_hal_msp.c ****     /* Peripheral clock disable */
ARM GAS  C:\Users\grgcz\AppData\Local\Temp\ccpuP4NI.s 			page 6


 118:Src/stm32f4xx_hal_msp.c ****     __HAL_RCC_CRC_CLK_DISABLE();
 119:Src/stm32f4xx_hal_msp.c ****   /* USER CODE BEGIN CRC_MspDeInit 1 */
 120:Src/stm32f4xx_hal_msp.c **** 
 121:Src/stm32f4xx_hal_msp.c ****   /* USER CODE END CRC_MspDeInit 1 */
 122:Src/stm32f4xx_hal_msp.c ****   }
 123:Src/stm32f4xx_hal_msp.c **** 
 124:Src/stm32f4xx_hal_msp.c **** }
 173              		.loc 1 124 1 view .LVU28
 174 0008 7047     		bx	lr
 175              	.L16:
 118:Src/stm32f4xx_hal_msp.c ****   /* USER CODE BEGIN CRC_MspDeInit 1 */
 176              		.loc 1 118 5 is_stmt 1 view .LVU29
 177 000a 044A     		ldr	r2, .L17+4
 178 000c 136B     		ldr	r3, [r2, #48]
 179 000e 23F48053 		bic	r3, r3, #4096
 180 0012 1363     		str	r3, [r2, #48]
 181              		.loc 1 124 1 is_stmt 0 view .LVU30
 182 0014 F8E7     		b	.L14
 183              	.L18:
 184 0016 00BF     		.align	2
 185              	.L17:
 186 0018 00300240 		.word	1073885184
 187 001c 00380240 		.word	1073887232
 188              		.cfi_endproc
 189              	.LFE132:
 191              		.section	.text.HAL_UART_MspInit,"ax",%progbits
 192              		.align	1
 193              		.global	HAL_UART_MspInit
 194              		.syntax unified
 195              		.thumb
 196              		.thumb_func
 197              		.fpu fpv4-sp-d16
 199              	HAL_UART_MspInit:
 200              	.LVL3:
 201              	.LFB133:
 125:Src/stm32f4xx_hal_msp.c **** 
 126:Src/stm32f4xx_hal_msp.c **** /**
 127:Src/stm32f4xx_hal_msp.c **** * @brief UART MSP Initialization
 128:Src/stm32f4xx_hal_msp.c **** * This function configures the hardware resources used in this example
 129:Src/stm32f4xx_hal_msp.c **** * @param huart: UART handle pointer
 130:Src/stm32f4xx_hal_msp.c **** * @retval None
 131:Src/stm32f4xx_hal_msp.c **** */
 132:Src/stm32f4xx_hal_msp.c **** void HAL_UART_MspInit(UART_HandleTypeDef* huart)
 133:Src/stm32f4xx_hal_msp.c **** {
 202              		.loc 1 133 1 is_stmt 1 view -0
 203              		.cfi_startproc
 204              		@ args = 0, pretend = 0, frame = 32
 205              		@ frame_needed = 0, uses_anonymous_args = 0
 206              		.loc 1 133 1 is_stmt 0 view .LVU32
 207 0000 00B5     		push	{lr}
 208              	.LCFI5:
 209              		.cfi_def_cfa_offset 4
 210              		.cfi_offset 14, -4
 211 0002 89B0     		sub	sp, sp, #36
 212              	.LCFI6:
 213              		.cfi_def_cfa_offset 40
 134:Src/stm32f4xx_hal_msp.c ****   GPIO_InitTypeDef GPIO_InitStruct = {0};
ARM GAS  C:\Users\grgcz\AppData\Local\Temp\ccpuP4NI.s 			page 7


 214              		.loc 1 134 3 is_stmt 1 view .LVU33
 215              		.loc 1 134 20 is_stmt 0 view .LVU34
 216 0004 0023     		movs	r3, #0
 217 0006 0393     		str	r3, [sp, #12]
 218 0008 0493     		str	r3, [sp, #16]
 219 000a 0593     		str	r3, [sp, #20]
 220 000c 0693     		str	r3, [sp, #24]
 221 000e 0793     		str	r3, [sp, #28]
 135:Src/stm32f4xx_hal_msp.c ****   if(huart->Instance==USART2)
 222              		.loc 1 135 3 is_stmt 1 view .LVU35
 223              		.loc 1 135 11 is_stmt 0 view .LVU36
 224 0010 0268     		ldr	r2, [r0]
 225              		.loc 1 135 5 view .LVU37
 226 0012 144B     		ldr	r3, .L23
 227 0014 9A42     		cmp	r2, r3
 228 0016 02D0     		beq	.L22
 229              	.LVL4:
 230              	.L19:
 136:Src/stm32f4xx_hal_msp.c ****   {
 137:Src/stm32f4xx_hal_msp.c ****   /* USER CODE BEGIN USART2_MspInit 0 */
 138:Src/stm32f4xx_hal_msp.c **** 
 139:Src/stm32f4xx_hal_msp.c ****   /* USER CODE END USART2_MspInit 0 */
 140:Src/stm32f4xx_hal_msp.c ****     /* Peripheral clock enable */
 141:Src/stm32f4xx_hal_msp.c ****     __HAL_RCC_USART2_CLK_ENABLE();
 142:Src/stm32f4xx_hal_msp.c ****   
 143:Src/stm32f4xx_hal_msp.c ****     __HAL_RCC_GPIOA_CLK_ENABLE();
 144:Src/stm32f4xx_hal_msp.c ****     /**USART2 GPIO Configuration    
 145:Src/stm32f4xx_hal_msp.c ****     PA2     ------> USART2_TX
 146:Src/stm32f4xx_hal_msp.c ****     PA3     ------> USART2_RX 
 147:Src/stm32f4xx_hal_msp.c ****     */
 148:Src/stm32f4xx_hal_msp.c ****     GPIO_InitStruct.Pin = USART_TX_Pin|USART_RX_Pin;
 149:Src/stm32f4xx_hal_msp.c ****     GPIO_InitStruct.Mode = GPIO_MODE_AF_PP;
 150:Src/stm32f4xx_hal_msp.c ****     GPIO_InitStruct.Pull = GPIO_NOPULL;
 151:Src/stm32f4xx_hal_msp.c ****     GPIO_InitStruct.Speed = GPIO_SPEED_FREQ_LOW;
 152:Src/stm32f4xx_hal_msp.c ****     GPIO_InitStruct.Alternate = GPIO_AF7_USART2;
 153:Src/stm32f4xx_hal_msp.c ****     HAL_GPIO_Init(GPIOA, &GPIO_InitStruct);
 154:Src/stm32f4xx_hal_msp.c **** 
 155:Src/stm32f4xx_hal_msp.c ****   /* USER CODE BEGIN USART2_MspInit 1 */
 156:Src/stm32f4xx_hal_msp.c **** 
 157:Src/stm32f4xx_hal_msp.c ****   /* USER CODE END USART2_MspInit 1 */
 158:Src/stm32f4xx_hal_msp.c ****   }
 159:Src/stm32f4xx_hal_msp.c **** 
 160:Src/stm32f4xx_hal_msp.c **** }
 231              		.loc 1 160 1 view .LVU38
 232 0018 09B0     		add	sp, sp, #36
 233              	.LCFI7:
 234              		.cfi_remember_state
 235              		.cfi_def_cfa_offset 4
 236              		@ sp needed
 237 001a 5DF804FB 		ldr	pc, [sp], #4
 238              	.LVL5:
 239              	.L22:
 240              	.LCFI8:
 241              		.cfi_restore_state
 141:Src/stm32f4xx_hal_msp.c ****   
 242              		.loc 1 141 5 is_stmt 1 view .LVU39
 243              	.LBB5:
ARM GAS  C:\Users\grgcz\AppData\Local\Temp\ccpuP4NI.s 			page 8


 141:Src/stm32f4xx_hal_msp.c ****   
 244              		.loc 1 141 5 view .LVU40
 245 001e 0021     		movs	r1, #0
 246 0020 0191     		str	r1, [sp, #4]
 141:Src/stm32f4xx_hal_msp.c ****   
 247              		.loc 1 141 5 view .LVU41
 248 0022 03F5FA33 		add	r3, r3, #128000
 249 0026 1A6C     		ldr	r2, [r3, #64]
 250 0028 42F40032 		orr	r2, r2, #131072
 251 002c 1A64     		str	r2, [r3, #64]
 141:Src/stm32f4xx_hal_msp.c ****   
 252              		.loc 1 141 5 view .LVU42
 253 002e 1A6C     		ldr	r2, [r3, #64]
 254 0030 02F40032 		and	r2, r2, #131072
 255 0034 0192     		str	r2, [sp, #4]
 141:Src/stm32f4xx_hal_msp.c ****   
 256              		.loc 1 141 5 view .LVU43
 257 0036 019A     		ldr	r2, [sp, #4]
 258              	.LBE5:
 143:Src/stm32f4xx_hal_msp.c ****     /**USART2 GPIO Configuration    
 259              		.loc 1 143 5 view .LVU44
 260              	.LBB6:
 143:Src/stm32f4xx_hal_msp.c ****     /**USART2 GPIO Configuration    
 261              		.loc 1 143 5 view .LVU45
 262 0038 0291     		str	r1, [sp, #8]
 143:Src/stm32f4xx_hal_msp.c ****     /**USART2 GPIO Configuration    
 263              		.loc 1 143 5 view .LVU46
 264 003a 1A6B     		ldr	r2, [r3, #48]
 265 003c 42F00102 		orr	r2, r2, #1
 266 0040 1A63     		str	r2, [r3, #48]
 143:Src/stm32f4xx_hal_msp.c ****     /**USART2 GPIO Configuration    
 267              		.loc 1 143 5 view .LVU47
 268 0042 1B6B     		ldr	r3, [r3, #48]
 269 0044 03F00103 		and	r3, r3, #1
 270 0048 0293     		str	r3, [sp, #8]
 143:Src/stm32f4xx_hal_msp.c ****     /**USART2 GPIO Configuration    
 271              		.loc 1 143 5 view .LVU48
 272 004a 029B     		ldr	r3, [sp, #8]
 273              	.LBE6:
 148:Src/stm32f4xx_hal_msp.c ****     GPIO_InitStruct.Mode = GPIO_MODE_AF_PP;
 274              		.loc 1 148 5 view .LVU49
 148:Src/stm32f4xx_hal_msp.c ****     GPIO_InitStruct.Mode = GPIO_MODE_AF_PP;
 275              		.loc 1 148 25 is_stmt 0 view .LVU50
 276 004c 0C23     		movs	r3, #12
 277 004e 0393     		str	r3, [sp, #12]
 149:Src/stm32f4xx_hal_msp.c ****     GPIO_InitStruct.Pull = GPIO_NOPULL;
 278              		.loc 1 149 5 is_stmt 1 view .LVU51
 149:Src/stm32f4xx_hal_msp.c ****     GPIO_InitStruct.Pull = GPIO_NOPULL;
 279              		.loc 1 149 26 is_stmt 0 view .LVU52
 280 0050 0223     		movs	r3, #2
 281 0052 0493     		str	r3, [sp, #16]
 150:Src/stm32f4xx_hal_msp.c ****     GPIO_InitStruct.Speed = GPIO_SPEED_FREQ_LOW;
 282              		.loc 1 150 5 is_stmt 1 view .LVU53
 151:Src/stm32f4xx_hal_msp.c ****     GPIO_InitStruct.Alternate = GPIO_AF7_USART2;
 283              		.loc 1 151 5 view .LVU54
 152:Src/stm32f4xx_hal_msp.c ****     HAL_GPIO_Init(GPIOA, &GPIO_InitStruct);
 284              		.loc 1 152 5 view .LVU55
ARM GAS  C:\Users\grgcz\AppData\Local\Temp\ccpuP4NI.s 			page 9


 152:Src/stm32f4xx_hal_msp.c ****     HAL_GPIO_Init(GPIOA, &GPIO_InitStruct);
 285              		.loc 1 152 31 is_stmt 0 view .LVU56
 286 0054 0723     		movs	r3, #7
 287 0056 0793     		str	r3, [sp, #28]
 153:Src/stm32f4xx_hal_msp.c **** 
 288              		.loc 1 153 5 is_stmt 1 view .LVU57
 289 0058 03A9     		add	r1, sp, #12
 290 005a 0348     		ldr	r0, .L23+4
 291              	.LVL6:
 153:Src/stm32f4xx_hal_msp.c **** 
 292              		.loc 1 153 5 is_stmt 0 view .LVU58
 293 005c FFF7FEFF 		bl	HAL_GPIO_Init
 294              	.LVL7:
 295              		.loc 1 160 1 view .LVU59
 296 0060 DAE7     		b	.L19
 297              	.L24:
 298 0062 00BF     		.align	2
 299              	.L23:
 300 0064 00440040 		.word	1073759232
 301 0068 00000240 		.word	1073872896
 302              		.cfi_endproc
 303              	.LFE133:
 305              		.section	.text.HAL_UART_MspDeInit,"ax",%progbits
 306              		.align	1
 307              		.global	HAL_UART_MspDeInit
 308              		.syntax unified
 309              		.thumb
 310              		.thumb_func
 311              		.fpu fpv4-sp-d16
 313              	HAL_UART_MspDeInit:
 314              	.LVL8:
 315              	.LFB134:
 161:Src/stm32f4xx_hal_msp.c **** 
 162:Src/stm32f4xx_hal_msp.c **** /**
 163:Src/stm32f4xx_hal_msp.c **** * @brief UART MSP De-Initialization
 164:Src/stm32f4xx_hal_msp.c **** * This function freeze the hardware resources used in this example
 165:Src/stm32f4xx_hal_msp.c **** * @param huart: UART handle pointer
 166:Src/stm32f4xx_hal_msp.c **** * @retval None
 167:Src/stm32f4xx_hal_msp.c **** */
 168:Src/stm32f4xx_hal_msp.c **** void HAL_UART_MspDeInit(UART_HandleTypeDef* huart)
 169:Src/stm32f4xx_hal_msp.c **** {
 316              		.loc 1 169 1 is_stmt 1 view -0
 317              		.cfi_startproc
 318              		@ args = 0, pretend = 0, frame = 0
 319              		@ frame_needed = 0, uses_anonymous_args = 0
 320              		.loc 1 169 1 is_stmt 0 view .LVU61
 321 0000 08B5     		push	{r3, lr}
 322              	.LCFI9:
 323              		.cfi_def_cfa_offset 8
 324              		.cfi_offset 3, -8
 325              		.cfi_offset 14, -4
 170:Src/stm32f4xx_hal_msp.c ****   if(huart->Instance==USART2)
 326              		.loc 1 170 3 is_stmt 1 view .LVU62
 327              		.loc 1 170 11 is_stmt 0 view .LVU63
 328 0002 0268     		ldr	r2, [r0]
 329              		.loc 1 170 5 view .LVU64
 330 0004 064B     		ldr	r3, .L29
ARM GAS  C:\Users\grgcz\AppData\Local\Temp\ccpuP4NI.s 			page 10


 331 0006 9A42     		cmp	r2, r3
 332 0008 00D0     		beq	.L28
 333              	.LVL9:
 334              	.L25:
 171:Src/stm32f4xx_hal_msp.c ****   {
 172:Src/stm32f4xx_hal_msp.c ****   /* USER CODE BEGIN USART2_MspDeInit 0 */
 173:Src/stm32f4xx_hal_msp.c **** 
 174:Src/stm32f4xx_hal_msp.c ****   /* USER CODE END USART2_MspDeInit 0 */
 175:Src/stm32f4xx_hal_msp.c ****     /* Peripheral clock disable */
 176:Src/stm32f4xx_hal_msp.c ****     __HAL_RCC_USART2_CLK_DISABLE();
 177:Src/stm32f4xx_hal_msp.c ****   
 178:Src/stm32f4xx_hal_msp.c ****     /**USART2 GPIO Configuration    
 179:Src/stm32f4xx_hal_msp.c ****     PA2     ------> USART2_TX
 180:Src/stm32f4xx_hal_msp.c ****     PA3     ------> USART2_RX 
 181:Src/stm32f4xx_hal_msp.c ****     */
 182:Src/stm32f4xx_hal_msp.c ****     HAL_GPIO_DeInit(GPIOA, USART_TX_Pin|USART_RX_Pin);
 183:Src/stm32f4xx_hal_msp.c **** 
 184:Src/stm32f4xx_hal_msp.c ****   /* USER CODE BEGIN USART2_MspDeInit 1 */
 185:Src/stm32f4xx_hal_msp.c **** 
 186:Src/stm32f4xx_hal_msp.c ****   /* USER CODE END USART2_MspDeInit 1 */
 187:Src/stm32f4xx_hal_msp.c ****   }
 188:Src/stm32f4xx_hal_msp.c **** 
 189:Src/stm32f4xx_hal_msp.c **** }
 335              		.loc 1 189 1 view .LVU65
 336 000a 08BD     		pop	{r3, pc}
 337              	.LVL10:
 338              	.L28:
 176:Src/stm32f4xx_hal_msp.c ****   
 339              		.loc 1 176 5 is_stmt 1 view .LVU66
 340 000c 054A     		ldr	r2, .L29+4
 341 000e 136C     		ldr	r3, [r2, #64]
 342 0010 23F40033 		bic	r3, r3, #131072
 343 0014 1364     		str	r3, [r2, #64]
 182:Src/stm32f4xx_hal_msp.c **** 
 344              		.loc 1 182 5 view .LVU67
 345 0016 0C21     		movs	r1, #12
 346 0018 0348     		ldr	r0, .L29+8
 347              	.LVL11:
 182:Src/stm32f4xx_hal_msp.c **** 
 348              		.loc 1 182 5 is_stmt 0 view .LVU68
 349 001a FFF7FEFF 		bl	HAL_GPIO_DeInit
 350              	.LVL12:
 351              		.loc 1 189 1 view .LVU69
 352 001e F4E7     		b	.L25
 353              	.L30:
 354              		.align	2
 355              	.L29:
 356 0020 00440040 		.word	1073759232
 357 0024 00380240 		.word	1073887232
 358 0028 00000240 		.word	1073872896
 359              		.cfi_endproc
 360              	.LFE134:
 362              		.text
 363              	.Letext0:
 364              		.file 2 "c:\\program files (x86)\\gnu tools arm embedded\\8 2019-q3-update\\arm-none-eabi\\include
 365              		.file 3 "c:\\program files (x86)\\gnu tools arm embedded\\8 2019-q3-update\\arm-none-eabi\\include
 366              		.file 4 "C:/Users/grgcz/STM32Cube/Repository/STM32Cube_FW_F4_V1.25.0/Drivers/CMSIS/Include/core_cm
ARM GAS  C:\Users\grgcz\AppData\Local\Temp\ccpuP4NI.s 			page 11


 367              		.file 5 "C:/Users/grgcz/STM32Cube/Repository/STM32Cube_FW_F4_V1.25.0/Drivers/CMSIS/Device/ST/STM32
 368              		.file 6 "C:/Users/grgcz/STM32Cube/Repository/STM32Cube_FW_F4_V1.25.0/Drivers/CMSIS/Device/ST/STM32
 369              		.file 7 "C:/Users/grgcz/STM32Cube/Repository/STM32Cube_FW_F4_V1.25.0/Drivers/STM32F4xx_HAL_Driver/
 370              		.file 8 "C:/Users/grgcz/STM32Cube/Repository/STM32Cube_FW_F4_V1.25.0/Drivers/STM32F4xx_HAL_Driver/
 371              		.file 9 "C:/Users/grgcz/STM32Cube/Repository/STM32Cube_FW_F4_V1.25.0/Drivers/STM32F4xx_HAL_Driver/
 372              		.file 10 "C:/Users/grgcz/STM32Cube/Repository/STM32Cube_FW_F4_V1.25.0/Drivers/STM32F4xx_HAL_Driver
 373              		.file 11 "C:/Users/grgcz/STM32Cube/Repository/STM32Cube_FW_F4_V1.25.0/Drivers/STM32F4xx_HAL_Driver
 374              		.file 12 "C:/Users/grgcz/STM32Cube/Repository/STM32Cube_FW_F4_V1.25.0/Drivers/STM32F4xx_HAL_Driver
 375              		.file 13 "C:/Users/grgcz/STM32Cube/Repository/STM32Cube_FW_F4_V1.25.0/Drivers/STM32F4xx_HAL_Driver
ARM GAS  C:\Users\grgcz\AppData\Local\Temp\ccpuP4NI.s 			page 12


DEFINED SYMBOLS
                            *ABS*:00000000 stm32f4xx_hal_msp.c
C:\Users\grgcz\AppData\Local\Temp\ccpuP4NI.s:18     .text.HAL_MspInit:00000000 $t
C:\Users\grgcz\AppData\Local\Temp\ccpuP4NI.s:26     .text.HAL_MspInit:00000000 HAL_MspInit
C:\Users\grgcz\AppData\Local\Temp\ccpuP4NI.s:85     .text.HAL_MspInit:0000003c $d
C:\Users\grgcz\AppData\Local\Temp\ccpuP4NI.s:90     .text.HAL_CRC_MspInit:00000000 $t
C:\Users\grgcz\AppData\Local\Temp\ccpuP4NI.s:97     .text.HAL_CRC_MspInit:00000000 HAL_CRC_MspInit
C:\Users\grgcz\AppData\Local\Temp\ccpuP4NI.s:144    .text.HAL_CRC_MspInit:00000028 $d
C:\Users\grgcz\AppData\Local\Temp\ccpuP4NI.s:150    .text.HAL_CRC_MspDeInit:00000000 $t
C:\Users\grgcz\AppData\Local\Temp\ccpuP4NI.s:157    .text.HAL_CRC_MspDeInit:00000000 HAL_CRC_MspDeInit
C:\Users\grgcz\AppData\Local\Temp\ccpuP4NI.s:186    .text.HAL_CRC_MspDeInit:00000018 $d
C:\Users\grgcz\AppData\Local\Temp\ccpuP4NI.s:192    .text.HAL_UART_MspInit:00000000 $t
C:\Users\grgcz\AppData\Local\Temp\ccpuP4NI.s:199    .text.HAL_UART_MspInit:00000000 HAL_UART_MspInit
C:\Users\grgcz\AppData\Local\Temp\ccpuP4NI.s:300    .text.HAL_UART_MspInit:00000064 $d
C:\Users\grgcz\AppData\Local\Temp\ccpuP4NI.s:306    .text.HAL_UART_MspDeInit:00000000 $t
C:\Users\grgcz\AppData\Local\Temp\ccpuP4NI.s:313    .text.HAL_UART_MspDeInit:00000000 HAL_UART_MspDeInit
C:\Users\grgcz\AppData\Local\Temp\ccpuP4NI.s:356    .text.HAL_UART_MspDeInit:00000020 $d

UNDEFINED SYMBOLS
HAL_NVIC_SetPriorityGrouping
HAL_GPIO_Init
HAL_GPIO_DeInit
