ARM GAS  C:\Users\grgcz\AppData\Local\Temp\cc3EdDfr.s 			page 1


   1              		.cpu cortex-m4
   2              		.eabi_attribute 27, 1
   3              		.eabi_attribute 28, 1
   4              		.eabi_attribute 20, 1
   5              		.eabi_attribute 21, 1
   6              		.eabi_attribute 23, 3
   7              		.eabi_attribute 24, 1
   8              		.eabi_attribute 25, 1
   9              		.eabi_attribute 26, 1
  10              		.eabi_attribute 30, 1
  11              		.eabi_attribute 34, 1
  12              		.eabi_attribute 18, 4
  13              		.file	"stm32f4xx_hal_tim_ex.c"
  14              		.text
  15              	.Ltext0:
  16              		.cfi_sections	.debug_frame
  17              	.Letext0:
  18              		.file 1 "c:\\program files (x86)\\gnu tools arm embedded\\8 2019-q3-update\\arm-none-eabi\\include
  19              		.file 2 "c:\\program files (x86)\\gnu tools arm embedded\\8 2019-q3-update\\arm-none-eabi\\include
  20              		.file 3 "C:/Users/grgcz/STM32Cube/Repository/STM32Cube_FW_F4_V1.25.0/Drivers/CMSIS/Include/core_cm
  21              		.file 4 "C:/Users/grgcz/STM32Cube/Repository/STM32Cube_FW_F4_V1.25.0/Drivers/CMSIS/Device/ST/STM32
  22              		.file 5 "C:/Users/grgcz/STM32Cube/Repository/STM32Cube_FW_F4_V1.25.0/Drivers/STM32F4xx_HAL_Driver/
ARM GAS  C:\Users\grgcz\AppData\Local\Temp\cc3EdDfr.s 			page 2


DEFINED SYMBOLS
                            *ABS*:00000000 stm32f4xx_hal_tim_ex.c

NO UNDEFINED SYMBOLS
