This is pdfTeX, Version 3.14159265-2.6-1.40.20 (TeX Live 2019/W32TeX) (preloaded format=pdflatex 2019.6.6)  29 FEB 2020 20:03
entering extended mode
 restricted \write18 enabled.
 %&-line parsing enabled.
**monography.tex
(./monography.tex
LaTeX2e <2018-12-01>
! Undefined control sequence.
l.1 \section
            {Introduction}
The control sequence at the end of the top line
of your error message was never \def'ed. If you have
misspelled it (e.g., `\hobx'), type `I' and the correct
spelling (e.g., `I\hbox'). Otherwise just continue,
and I'll forget about whatever was undefined.


! LaTeX Error: Missing \begin{document}.

See the LaTeX manual or LaTeX Companion for explanation.
Type  H <return>  for immediate help.
 ...                                              
                                                  
l.1 \section{I
              ntroduction}
You're in trouble here.  Try typing  <return>  to proceed.
If that doesn't work, type  X <return>  to quit.

Missing character: There is no I in font nullfont!
Missing character: There is no n in font nullfont!
Missing character: There is no t in font nullfont!
Missing character: There is no r in font nullfont!
Missing character: There is no o in font nullfont!
Missing character: There is no d in font nullfont!
Missing character: There is no u in font nullfont!
Missing character: There is no c in font nullfont!
Missing character: There is no t in font nullfont!
Missing character: There is no i in font nullfont!
Missing character: There is no o in font nullfont!
Missing character: There is no n in font nullfont!
\citation{mathes1976designing}
! Undefined control sequence.
<write> ...: Citation `\@citeb ' on page \thepage 
                                                  \space undefined\on@line .
l.2 ...'m a citation! \cite{mathes1976designing}.}
                                                  
The control sequence at the end of the top line
of your error message was never \def'ed. If you have
misspelled it (e.g., `\hobx'), type `I' and the correct
spelling (e.g., `I\hbox'). Otherwise just continue,
and I'll forget about whatever was undefined.


LaTeX Warning: Citation `mathes1976designing' on page  undefined on input line 
2.

! Undefined control sequence.
l.3 \lipsum
           [2]
The control sequence at the end of the top line
of your error message was never \def'ed. If you have
misspelled it (e.g., `\hobx'), type `I' and the correct
spelling (e.g., `I\hbox'). Otherwise just continue,
and I'll forget about whatever was undefined.

Missing character: There is no [ in font nullfont!
Missing character: There is no 2 in font nullfont!
Missing character: There is no ] in font nullfont!
! Undefined control sequence.
l.4 \subsection
               {Problem statement}
The control sequence at the end of the top line
of your error message was never \def'ed. If you have
misspelled it (e.g., `\hobx'), type `I' and the correct
spelling (e.g., `I\hbox'). Otherwise just continue,
and I'll forget about whatever was undefined.

Missing character: There is no P in font nullfont!
Missing character: There is no r in font nullfont!
Missing character: There is no o in font nullfont!
Missing character: There is no b in font nullfont!
Missing character: There is no l in font nullfont!
Missing character: There is no e in font nullfont!
Missing character: There is no m in font nullfont!
Missing character: There is no s in font nullfont!
Missing character: There is no t in font nullfont!
Missing character: There is no a in font nullfont!
Missing character: There is no t in font nullfont!
Missing character: There is no e in font nullfont!
Missing character: There is no m in font nullfont!
Missing character: There is no e in font nullfont!
Missing character: There is no n in font nullfont!
Missing character: There is no t in font nullfont!
! Undefined control sequence.
<argument> ...citely cite the figures. \prettyref 
                                                  {fig:polimi_logo} shows th...
l.7 ...de each figure with an exhaustive caption.}
                                                  
The control sequence at the end of the top line
of your error message was never \def'ed. If you have
misspelled it (e.g., `\hobx'), type `I' and the correct
spelling (e.g., `I\hbox'). Otherwise just continue,
and I'll forget about whatever was undefined.

! Missing $ inserted.
<inserted text> 
                $
l.7 ...de each figure with an exhaustive caption.}
                                                  
I've inserted a begin-math/end-math symbol since I think
you left one out. Proceed, with fingers crossed.

LaTeX Font Info:    External font `cmex10' loaded for size
(Font)              <7> on input line 7.
LaTeX Font Info:    External font `cmex10' loaded for size
(Font)              <5> on input line 7.
! Extra }, or forgotten $.
<argument> ...igures. \prettyref {fig:polimi_logo}
                                                   shows the logo of Politec...
l.7 ...de each figure with an exhaustive caption.}
                                                  
I've deleted a group-closing symbol because it seems to be
spurious, as in `$x}$'. But perhaps the } is legitimate and
you forgot something else, as in `\hbox{$x}'. In such cases
the way to recover is to insert both the forgotten and the
deleted material, e.g., by typing `I$}'.

! Extra }, or forgotten $.
<recently read> \egroup 
                        
l.7 ...de each figure with an exhaustive caption.}
                                                  
I've deleted a group-closing symbol because it seems to be
spurious, as in `$x}$'. But perhaps the } is legitimate and
you forgot something else, as in `\hbox{$x}'. In such cases
the way to recover is to insert both the forgotten and the
deleted material, e.g., by typing `I$}'.

! Missing $ inserted.
<inserted text> 
                $
l.8 
    
I've inserted a begin-math/end-math symbol since I think
you left one out. Proceed, with fingers crossed.


Overfull \hbox (20.0pt too wide) in paragraph at lines 1--8
[]
 []


Overfull \hbox (29.60402pt too wide) in paragraph at lines 1--8
\OT1/cmr/bx/n/10 Hello,
 []


Overfull \hbox (17.1388pt too wide) in paragraph at lines 1--8
\OT1/cmr/bx/n/10 I'm
 []


Overfull \hbox (5.59023pt too wide) in paragraph at lines 1--8
\OT1/cmr/bx/n/10 a
 []


Overfull \hbox (12.13882pt too wide) in paragraph at lines 1--8
\OT1/cmr/bx/n/10 ci-
 []


Overfull \hbox (13.89574pt too wide) in paragraph at lines 1--8
\OT1/cmr/bx/n/10 ta-
 []


Overfull \hbox (23.30544pt too wide) in paragraph at lines 1--8
\OT1/cmr/bx/n/10 tion!
 []


Overfull \hbox (15.01381pt too wide) in paragraph at lines 1--8
\OT1/cmr/bx/n/10 [[]].
 []


Overfull \hbox (31.72342pt too wide) in paragraph at lines 1--8
\OT1/cmr/bx/n/10 Please
 []


Overfull \hbox (26.19429pt too wide) in paragraph at lines 1--8
\OT1/cmr/bx/n/10 make
 []


Overfull \hbox (20.93184pt too wide) in paragraph at lines 1--8
\OT1/cmr/bx/n/10 sure
 []


Overfull \hbox (17.8888pt too wide) in paragraph at lines 1--8
\OT1/cmr/bx/n/10 you
 []


Overfull \hbox (15.17354pt too wide) in paragraph at lines 1--8
\OT1/cmr/bx/n/10 ex-
 []


Overfull \hbox (40.09007pt too wide) in paragraph at lines 1--8
\OT1/cmr/bx/n/10 plicitely
 []


Overfull \hbox (18.04852pt too wide) in paragraph at lines 1--8
\OT1/cmr/bx/n/10 cite
 []


Overfull \hbox (16.13187pt too wide) in paragraph at lines 1--8
\OT1/cmr/bx/n/10 the
 []


Overfull \hbox (15.97214pt too wide) in paragraph at lines 1--8
\OT1/cmr/bx/n/10 fig-
 []


Overfull \hbox (24.12627pt too wide) in paragraph at lines 1--8
\OT1/cmr/bx/n/10 ures.
 []


Overfull \hbox (537.34492pt too wide) in paragraph at lines 1--8
\OT1/cmr/bx/n/10 fig:polimi$[]\OML/cmm/m/it/10 ogoshowsthelogoofPolitecnicodiMi
lano:Pleasealsomakesureyouprovideeachfigurewithanexhaustivecaption:$ 
 []

! Undefined control sequence.
l.9 \lipsum
           [1-2]
The control sequence at the end of the top line
of your error message was never \def'ed. If you have
misspelled it (e.g., `\hobx'), type `I' and the correct
spelling (e.g., `I\hbox'). Otherwise just continue,
and I'll forget about whatever was undefined.


! LaTeX Error: Missing \begin{document}.

See the LaTeX manual or LaTeX Companion for explanation.
Type  H <return>  for immediate help.
 ...                                              
                                                  
l.9 \lipsum[
            1-2]
You're in trouble here.  Try typing  <return>  to proceed.
If that doesn't work, type  X <return>  to quit.


Overfull \hbox (32.77771pt too wide) in paragraph at lines 9--10
[]\OT1/cmr/bx/n/10 [1-
 []


Overfull \hbox (8.9444pt too wide) in paragraph at lines 9--10
\OT1/cmr/bx/n/10 2] 
 []


! LaTeX Error: Environment figure undefined.

See the LaTeX manual or LaTeX Companion for explanation.
Type  H <return>  for immediate help.
 ...                                              
                                                  
l.11 \begin{figure}
                   
Your command was ignored.
Type  I <command> <return>  to replace it with another command,
or  <return>  to continue without it.

! Undefined control sequence.
l.12 \centering\includegraphics
                               [width=5cm]{polimi}
The control sequence at the end of the top line
of your error message was never \def'ed. If you have
misspelled it (e.g., `\hobx'), type `I' and the correct
spelling (e.g., `I\hbox'). Otherwise just continue,
and I'll forget about whatever was undefined.


! LaTeX Error: Missing \begin{document}.

See the LaTeX manual or LaTeX Companion for explanation.
Type  H <return>  for immediate help.
 ...                                              
                                                  
l.12 \centering\includegraphics[
                                width=5cm]{polimi}
You're in trouble here.  Try typing  <return>  to proceed.
If that doesn't work, type  X <return>  to quit.


! LaTeX Error: \caption outside float.

See the LaTeX manual or LaTeX Companion for explanation.
Type  H <return>  for immediate help.
 ...                                              
                                                  
l.13 \caption
             {POLIMI logo, which is used by this document as a placeholder.}
You're in trouble here.  Try typing  <return>  to proceed.
If that doesn't work, type  X <return>  to quit.


! LaTeX Error: \begin{document} ended by \end{figure}.

See the LaTeX manual or LaTeX Companion for explanation.
Type  H <return>  for immediate help.
 ...                                              
                                                  
l.15 \end{figure}
                 
Your command was ignored.
Type  I <command> <return>  to replace it with another command,
or  <return>  to continue without it.

! Undefined control sequence.
l.16 \subsection
                {Summary of the survey}
The control sequence at the end of the top line
of your error message was never \def'ed. If you have
misspelled it (e.g., `\hobx'), type `I' and the correct
spelling (e.g., `I\hbox'). Otherwise just continue,
and I'll forget about whatever was undefined.

! Undefined control sequence.
l.17 \lipsum
            [2]
The control sequence at the end of the top line
of your error message was never \def'ed. If you have
misspelled it (e.g., `\hobx'), type `I' and the correct
spelling (e.g., `I\hbox'). Otherwise just continue,
and I'll forget about whatever was undefined.


Overfull \hbox (96.15227pt too wide) in paragraph at lines 12--18
[]\OT1/cmr/bx/n/10 [width=5cm]polimi
 []


Overfull \hbox (43.05531pt too wide) in paragraph at lines 12--18
\OT1/cmr/bx/n/10 POLIMI
 []


Overfull \hbox (23.63876pt too wide) in paragraph at lines 12--18
\OT1/cmr/bx/n/10 logo,
 []


Overfull \hbox (29.06929pt too wide) in paragraph at lines 12--18
\OT1/cmr/bx/n/10 which
 []


Overfull \hbox (7.7305pt too wide) in paragraph at lines 12--18
\OT1/cmr/bx/n/10 is
 []


Overfull \hbox (22.5846pt too wide) in paragraph at lines 12--18
\OT1/cmr/bx/n/10 used
 []


Overfull \hbox (12.13882pt too wide) in paragraph at lines 12--18
\OT1/cmr/bx/n/10 by
 []


Overfull \hbox (18.59155pt too wide) in paragraph at lines 12--18
\OT1/cmr/bx/n/10 this
 []


Overfull \hbox (21.40266pt too wide) in paragraph at lines 12--18
\OT1/cmr/bx/n/10 doc-
 []


Overfull \hbox (10.22217pt too wide) in paragraph at lines 12--18
\OT1/cmr/bx/n/10 u-
 []


Overfull \hbox (25.3957pt too wide) in paragraph at lines 12--18
\OT1/cmr/bx/n/10 ment
 []


Overfull \hbox (10.1263pt too wide) in paragraph at lines 12--18
\OT1/cmr/bx/n/10 as
 []


Overfull \hbox (5.59023pt too wide) in paragraph at lines 12--18
\OT1/cmr/bx/n/10 a
 []


Overfull \hbox (29.38872pt too wide) in paragraph at lines 12--18
\OT1/cmr/bx/n/10 place-
 []


Overfull \hbox (34.92345pt too wide) in paragraph at lines 12--18
\OT1/cmr/bx/n/10 holder.
 []


Overfull \hbox (30.87947pt too wide) in paragraph at lines 12--18
[] \OT1/cmr/bx/n/10 Sum-
 []


Overfull \hbox (25.97902pt too wide) in paragraph at lines 12--18
\OT1/cmr/bx/n/10 mary
 []


Overfull \hbox (9.26384pt too wide) in paragraph at lines 12--18
\OT1/cmr/bx/n/10 of
 []


Overfull \hbox (16.13187pt too wide) in paragraph at lines 12--18
\OT1/cmr/bx/n/10 the
 []


Overfull \hbox (19.49434pt too wide) in paragraph at lines 12--18
\OT1/cmr/bx/n/10 sur-
 []


Overfull \hbox (17.0902pt too wide) in paragraph at lines 12--18
\OT1/cmr/bx/n/10 vey
 []


Overfull \hbox (12.13882pt too wide) in paragraph at lines 12--18
\OT1/cmr/bx/n/10 [2] 
 []


Underfull \vbox (badness 10000) has occurred while \output is active []



! LaTeX Error: The font size command \normalsize is not defined:
               there is probably something wrong with the class file.

See the LaTeX manual or LaTeX Companion for explanation.
Type  H <return>  for immediate help.
 ...                                              
                                                  
l.20 
     
Your command was ignored.
Type  I <command> <return>  to replace it with another command,
or  <return>  to continue without it.

[1{c:/texlive/2019/texmf-var/fonts/map/pdftex/updmap/pdftex.map}
! Undefined control sequence.
<write> \newlabel{fig:polimi_logo}{{}{\thepage 
                                               }}
l.20 
     
The control sequence at the end of the top line
of your error message was never \def'ed. If you have
misspelled it (e.g., `\hobx'), type `I' and the correct
spelling (e.g., `I\hbox'). Otherwise just continue,
and I'll forget about whatever was undefined.

\newlabel{fig:polimi_logo}{{}{}}
]
! Undefined control sequence.
l.21 \section
             {State of the art}
The control sequence at the end of the top line
of your error message was never \def'ed. If you have
misspelled it (e.g., `\hobx'), type `I' and the correct
spelling (e.g., `I\hbox'). Otherwise just continue,
and I'll forget about whatever was undefined.


! LaTeX Error: Missing \begin{document}.

See the LaTeX manual or LaTeX Companion for explanation.
Type  H <return>  for immediate help.
 ...                                              
                                                  
l.21 \section{S
               tate of the art}
You're in trouble here.  Try typing  <return>  to proceed.
If that doesn't work, type  X <return>  to quit.

\citation{miller1979humanistic}
! Undefined control sequence.
<write> ...: Citation `\@citeb ' on page \thepage 
                                                  \space undefined\on@line .
l.22 ...er citation! \cite{miller1979humanistic}.}
                                                  
The control sequence at the end of the top line
of your error message was never \def'ed. If you have
misspelled it (e.g., `\hobx'), type `I' and the correct
spelling (e.g., `I\hbox'). Otherwise just continue,
and I'll forget about whatever was undefined.


LaTeX Warning: Citation `miller1979humanistic' on page  undefined on input line
 22.

! Undefined control sequence.
l.23 \lipsum
            [2]
The control sequence at the end of the top line
of your error message was never \def'ed. If you have
misspelled it (e.g., `\hobx'), type `I' and the correct
spelling (e.g., `I\hbox'). Otherwise just continue,
and I'll forget about whatever was undefined.

! Undefined control sequence.
l.24 \subsection
                {Approach 1}
The control sequence at the end of the top line
of your error message was never \def'ed. If you have
misspelled it (e.g., `\hobx'), type `I' and the correct
spelling (e.g., `I\hbox'). Otherwise just continue,
and I'll forget about whatever was undefined.

! Undefined control sequence.
l.25 \lipsum
            [1-6]
The control sequence at the end of the top line
of your error message was never \def'ed. If you have
misspelled it (e.g., `\hobx'), type `I' and the correct
spelling (e.g., `I\hbox'). Otherwise just continue,
and I'll forget about whatever was undefined.

! Undefined control sequence.
l.26 \subsection
                {Approach 2}
The control sequence at the end of the top line
of your error message was never \def'ed. If you have
misspelled it (e.g., `\hobx'), type `I' and the correct
spelling (e.g., `I\hbox'). Otherwise just continue,
and I'll forget about whatever was undefined.

! Undefined control sequence.
l.27 \lipsum
            [1-6]
The control sequence at the end of the top line
of your error message was never \def'ed. If you have
misspelled it (e.g., `\hobx'), type `I' and the correct
spelling (e.g., `I\hbox'). Otherwise just continue,
and I'll forget about whatever was undefined.

! Undefined control sequence.
l.28 \subsection
                {Approach N}
The control sequence at the end of the top line
of your error message was never \def'ed. If you have
misspelled it (e.g., `\hobx'), type `I' and the correct
spelling (e.g., `I\hbox'). Otherwise just continue,
and I'll forget about whatever was undefined.

! Undefined control sequence.
l.29 \lipsum
            [1-6]
The control sequence at the end of the top line
of your error message was never \def'ed. If you have
misspelled it (e.g., `\hobx'), type `I' and the correct
spelling (e.g., `I\hbox'). Otherwise just continue,
and I'll forget about whatever was undefined.


Overfull \hbox (46.19429pt too wide) in paragraph at lines 21--30
[]\OT1/cmr/bx/n/10 State
 []


Overfull \hbox (9.26384pt too wide) in paragraph at lines 21--30
\OT1/cmr/bx/n/10 of
 []


Overfull \hbox (16.13187pt too wide) in paragraph at lines 21--30
\OT1/cmr/bx/n/10 the
 []


Overfull \hbox (14.79852pt too wide) in paragraph at lines 21--30
\OT1/cmr/bx/n/10 art
 []


Overfull \hbox (29.60402pt too wide) in paragraph at lines 21--30
\OT1/cmr/bx/n/10 Hello,
 []


Overfull \hbox (17.1388pt too wide) in paragraph at lines 21--30
\OT1/cmr/bx/n/10 I'm
 []


Overfull \hbox (15.8124pt too wide) in paragraph at lines 21--30
\OT1/cmr/bx/n/10 an-
 []


Overfull \hbox (26.61794pt too wide) in paragraph at lines 21--30
\OT1/cmr/bx/n/10 other
 []


Overfull \hbox (12.13882pt too wide) in paragraph at lines 21--30
\OT1/cmr/bx/n/10 ci-
 []


Overfull \hbox (13.89574pt too wide) in paragraph at lines 21--30
\OT1/cmr/bx/n/10 ta-
 []


Overfull \hbox (23.30544pt too wide) in paragraph at lines 21--30
\OT1/cmr/bx/n/10 tion!
 []


Overfull \hbox (15.01381pt too wide) in paragraph at lines 21--30
\OT1/cmr/bx/n/10 [[]].
 []


Overfull \hbox (12.13882pt too wide) in paragraph at lines 21--30
\OT1/cmr/bx/n/10 [2]
 []


Overfull \hbox (18.91656pt too wide) in paragraph at lines 21--30
\OT1/cmr/bx/n/10 Ap-
 []


Overfull \hbox (33.64565pt too wide) in paragraph at lines 21--30
\OT1/cmr/bx/n/10 proach
 []


Overfull \hbox (5.74997pt too wide) in paragraph at lines 21--30
\OT1/cmr/bx/n/10 1
 []


Overfull \hbox (12.77771pt too wide) in paragraph at lines 21--30
\OT1/cmr/bx/n/10 [1-
 []


Overfull \hbox (8.9444pt too wide) in paragraph at lines 21--30
\OT1/cmr/bx/n/10 6]
 []


Overfull \hbox (18.91656pt too wide) in paragraph at lines 21--30
\OT1/cmr/bx/n/10 Ap-
 []


Overfull \hbox (33.64565pt too wide) in paragraph at lines 21--30
\OT1/cmr/bx/n/10 proach
 []


Overfull \hbox (5.74997pt too wide) in paragraph at lines 21--30
\OT1/cmr/bx/n/10 2
 []


Overfull \hbox (12.77771pt too wide) in paragraph at lines 21--30
\OT1/cmr/bx/n/10 [1-
 []


Overfull \hbox (8.9444pt too wide) in paragraph at lines 21--30
\OT1/cmr/bx/n/10 6]
 []


Overfull \hbox (18.91656pt too wide) in paragraph at lines 21--30
\OT1/cmr/bx/n/10 Ap-
 []


Overfull \hbox (33.64565pt too wide) in paragraph at lines 21--30
\OT1/cmr/bx/n/10 proach
 []


Overfull \hbox (8.99995pt too wide) in paragraph at lines 21--30
\OT1/cmr/bx/n/10 N
 []


Overfull \hbox (12.77771pt too wide) in paragraph at lines 21--30
\OT1/cmr/bx/n/10 [1-
 []


Overfull \hbox (8.9444pt too wide) in paragraph at lines 21--30
\OT1/cmr/bx/n/10 6] 
 []


Underfull \vbox (badness 10000) has occurred while \output is active []



! LaTeX Error: The font size command \normalsize is not defined:
               there is probably something wrong with the class file.

See the LaTeX manual or LaTeX Companion for explanation.
Type  H <return>  for immediate help.
 ...                                              
                                                  
l.32 
     
Your command was ignored.
Type  I <command> <return>  to replace it with another command,
or  <return>  to continue without it.

[2]
! Undefined control sequence.
l.33 \section
             {Conclusions}
The control sequence at the end of the top line
of your error message was never \def'ed. If you have
misspelled it (e.g., `\hobx'), type `I' and the correct
spelling (e.g., `I\hbox'). Otherwise just continue,
and I'll forget about whatever was undefined.


! LaTeX Error: Missing \begin{document}.

See the LaTeX manual or LaTeX Companion for explanation.
Type  H <return>  for immediate help.
 ...                                              
                                                  
l.33 \section{C
               onclusions}
You're in trouble here.  Try typing  <return>  to proceed.
If that doesn't work, type  X <return>  to quit.

! Undefined control sequence.
<argument> ...icitely cite the tables. \prettyref 
                                                  {tab:a_complex_table} show...
l.37 ...st be placed before not after the tables.}
                                                  
The control sequence at the end of the top line
of your error message was never \def'ed. If you have
misspelled it (e.g., `\hobx'), type `I' and the correct
spelling (e.g., `I\hbox'). Otherwise just continue,
and I'll forget about whatever was undefined.

! Missing $ inserted.
<inserted text> 
                $
l.37 ...st be placed before not after the tables.}
                                                  
I've inserted a begin-math/end-math symbol since I think
you left one out. Proceed, with fingers crossed.

! Extra }, or forgotten $.
<argument> ...es. \prettyref {tab:a_complex_table}
                                                   shows a complex table. Pl...
l.37 ...st be placed before not after the tables.}
                                                  
I've deleted a group-closing symbol because it seems to be
spurious, as in `$x}$'. But perhaps the } is legitimate and
you forgot something else, as in `\hbox{$x}'. In such cases
the way to recover is to insert both the forgotten and the
deleted material, e.g., by typing `I$}'.

! Extra }, or forgotten $.
<recently read> \egroup 
                        
l.37 ...st be placed before not after the tables.}
                                                  
I've deleted a group-closing symbol because it seems to be
spurious, as in `$x}$'. But perhaps the } is legitimate and
you forgot something else, as in `\hbox{$x}'. In such cases
the way to recover is to insert both the forgotten and the
deleted material, e.g., by typing `I$}'.

! Undefined control sequence.
l.38 \lipsum
            [1-4]
The control sequence at the end of the top line
of your error message was never \def'ed. If you have
misspelled it (e.g., `\hobx'), type `I' and the correct
spelling (e.g., `I\hbox'). Otherwise just continue,
and I'll forget about whatever was undefined.

! Missing $ inserted.
<inserted text> 
                $
l.39 
     
I've inserted a begin-math/end-math symbol since I think
you left one out. Proceed, with fingers crossed.


Overfull \hbox (79.5441pt too wide) in paragraph at lines 33--39
[]\OT1/cmr/bx/n/10 Conclusions
 []


Overfull \hbox (31.72342pt too wide) in paragraph at lines 33--39
\OT1/cmr/bx/n/10 Please
 []


Overfull \hbox (26.19429pt too wide) in paragraph at lines 33--39
\OT1/cmr/bx/n/10 make
 []


Overfull \hbox (20.93184pt too wide) in paragraph at lines 33--39
\OT1/cmr/bx/n/10 sure
 []


Overfull \hbox (17.8888pt too wide) in paragraph at lines 33--39
\OT1/cmr/bx/n/10 you
 []


Overfull \hbox (15.17354pt too wide) in paragraph at lines 33--39
\OT1/cmr/bx/n/10 ex-
 []


Overfull \hbox (40.09007pt too wide) in paragraph at lines 33--39
\OT1/cmr/bx/n/10 plicitely
 []


Overfull \hbox (18.04852pt too wide) in paragraph at lines 33--39
\OT1/cmr/bx/n/10 cite
 []


Overfull \hbox (16.13187pt too wide) in paragraph at lines 33--39
\OT1/cmr/bx/n/10 the
 []


Overfull \hbox (13.89574pt too wide) in paragraph at lines 33--39
\OT1/cmr/bx/n/10 ta-
 []


Overfull \hbox (22.5846pt too wide) in paragraph at lines 33--39
\OT1/cmr/bx/n/10 bles.
 []


Overfull \hbox (741.15169pt too wide) in paragraph at lines 33--39
\OT1/cmr/bx/n/10 tab:a$[]\OML/cmm/m/it/10 omplex[]ableshowsacomplextable:Please
alsomakesureyouprovideeachtablewithanexhaustivecaption:Captionsfortablesmustbep
lacedbeforenotafterthetables:\OT1/cmr/m/n/10 [1 \OMS/cmsy/m/n/10 ^^@
 []


Overfull \hbox (7.7778pt too wide) in paragraph at lines 33--39
\OT1/cmr/m/n/10 4]$ 
 []


! LaTeX Error: Environment table undefined.

See the LaTeX manual or LaTeX Companion for explanation.
Type  H <return>  for immediate help.
 ...                                              
                                                  
l.41 \begin{table}
                  
Your command was ignored.
Type  I <command> <return>  to replace it with another command,
or  <return>  to continue without it.

! Undefined control sequence.
l.42 \small
           
The control sequence at the end of the top line
of your error message was never \def'ed. If you have
misspelled it (e.g., `\hobx'), type `I' and the correct
spelling (e.g., `I\hbox'). Otherwise just continue,
and I'll forget about whatever was undefined.


! LaTeX Error: Missing \begin{document}.

See the LaTeX manual or LaTeX Companion for explanation.
Type  H <return>  for immediate help.
 ...                                              
                                                  
l.43 \begin{center}
                   
You're in trouble here.  Try typing  <return>  to proceed.
If that doesn't work, type  X <return>  to quit.


Overfull \hbox (20.0pt too wide) in paragraph at lines 43--43
[] 
 []


! LaTeX Error: \caption outside float.

See the LaTeX manual or LaTeX Companion for explanation.
Type  H <return>  for immediate help.
 ...                                              
                                                  
l.45 \caption
             {Summary of the test scenarios.
You're in trouble here.  Try typing  <return>  to proceed.
If that doesn't work, type  X <return>  to quit.

! Undefined control sequence.
l.46 $M_1\xrightarrow
                     {\alpha}M_2$ means that an application mapping
The control sequence at the end of the top line
of your error message was never \def'ed. If you have
misspelled it (e.g., `\hobx'), type `I' and the correct
spelling (e.g., `I\hbox'). Otherwise just continue,
and I'll forget about whatever was undefined.


! LaTeX Error: Illegal character in array arg.

See the LaTeX manual or LaTeX Companion for explanation.
Type  H <return>  for immediate help.
 ...                                              
                                                  
l.49 \begin{tabular}{l|lcc|L{2cm}l}
                                   
You're in trouble here.  Try typing  <return>  to proceed.
If that doesn't work, type  X <return>  to quit.


! LaTeX Error: Illegal character in array arg.

See the LaTeX manual or LaTeX Companion for explanation.
Type  H <return>  for immediate help.
 ...                                              
                                                  
l.49 \begin{tabular}{l|lcc|L{2cm}l}
                                   
You're in trouble here.  Try typing  <return>  to proceed.
If that doesn't work, type  X <return>  to quit.

! Undefined control sequence.
l.56 \multirow
              {2}{*}{LITTLE 1} & ferret$\dagger$ & 1 & \multirow{2}{*}{1.00}...
The control sequence at the end of the top line
of your error message was never \def'ed. If you have
misspelled it (e.g., `\hobx'), type `I' and the correct
spelling (e.g., `I\hbox'). Otherwise just continue,
and I'll forget about whatever was undefined.

! Undefined control sequence.
l.56 ...ITTLE 1} & ferret$\dagger$ & 1 & \multirow
                                                  {2}{*}{1.00} & $0-3$ & $0$ \\
The control sequence at the end of the top line
of your error message was never \def'ed. If you have
misspelled it (e.g., `\hobx'), type `I' and the correct
spelling (e.g., `I\hbox'). Otherwise just continue,
and I'll forget about whatever was undefined.

! Undefined control sequence.
l.57  & vips & 3 & & $0-3$ & $1-3 \xrightarrow
                                              {\dagger} 0-3$ \\
The control sequence at the end of the top line
of your error message was never \def'ed. If you have
misspelled it (e.g., `\hobx'), type `I' and the correct
spelling (e.g., `I\hbox'). Otherwise just continue,
and I'll forget about whatever was undefined.

! Undefined control sequence.
<recently read> \multirow 
                          
l.59 \multirow
              {2}{*}{LITTLE 2} & freqmine$\dagger$ & 2 & \multirow{2}{*}{1.2...
The control sequence at the end of the top line
of your error message was never \def'ed. If you have
misspelled it (e.g., `\hobx'), type `I' and the correct
spelling (e.g., `I\hbox'). Otherwise just continue,
and I'll forget about whatever was undefined.

! Undefined control sequence.
l.59 ...TLE 2} & freqmine$\dagger$ & 2 & \multirow
                                                  {2}{*}{1.25} & $0-3$ & $0-...
The control sequence at the end of the top line
of your error message was never \def'ed. If you have
misspelled it (e.g., `\hobx'), type `I' and the correct
spelling (e.g., `I\hbox'). Otherwise just continue,
and I'll forget about whatever was undefined.

! Undefined control sequence.
l.60 ...choles & 3 &   & $0-3$ & $0-3 \xrightarrow
                                                  {\dagger} 0-3$ \\
The control sequence at the end of the top line
of your error message was never \def'ed. If you have
misspelled it (e.g., `\hobx'), type `I' and the correct
spelling (e.g., `I\hbox'). Otherwise just continue,
and I'll forget about whatever was undefined.

! Undefined control sequence.
<recently read> \multirow 
                          
l.62 \multirow
              {2}{*}{LITTLE 3} & bodytrack$\dagger$ & 3 & \multirow{2}{*}{1....
The control sequence at the end of the top line
of your error message was never \def'ed. If you have
misspelled it (e.g., `\hobx'), type `I' and the correct
spelling (e.g., `I\hbox'). Otherwise just continue,
and I'll forget about whatever was undefined.

! Undefined control sequence.
l.62 ...LE 3} & bodytrack$\dagger$ & 3 & \multirow
                                                  {2}{*}{1.25} & $0-3$ & $0-...
The control sequence at the end of the top line
of your error message was never \def'ed. If you have
misspelled it (e.g., `\hobx'), type `I' and the correct
spelling (e.g., `I\hbox'). Otherwise just continue,
and I'll forget about whatever was undefined.

! Undefined control sequence.
<recently read> \multirow 
                          
l.65 \multirow
              {2}{*}{LITTLE 4} & facesim & 3 & \multirow{2}{*}{1.50} & $0-3$...
The control sequence at the end of the top line
of your error message was never \def'ed. If you have
misspelled it (e.g., `\hobx'), type `I' and the correct
spelling (e.g., `I\hbox'). Otherwise just continue,
and I'll forget about whatever was undefined.

! Undefined control sequence.
l.65 ...{2}{*}{LITTLE 4} & facesim & 3 & \multirow
                                                  {2}{*}{1.50} & $0-3$ & $0-...
The control sequence at the end of the top line
of your error message was never \def'ed. If you have
misspelled it (e.g., `\hobx'), type `I' and the correct
spelling (e.g., `I\hbox'). Otherwise just continue,
and I'll forget about whatever was undefined.

! Undefined control sequence.
l.65 ...row{2}{*}{1.50} & $0-3$ & $0-1\xrightarrow
                                                  {\dagger}0-3$ \\
The control sequence at the end of the top line
of your error message was never \def'ed. If you have
misspelled it (e.g., `\hobx'), type `I' and the correct
spelling (e.g., `I\hbox'). Otherwise just continue,
and I'll forget about whatever was undefined.

! Undefined control sequence.
l.71 \multirow
              {2}{*}{big 1} & vips & 3 & \multirow{2}{*}{1.00} & $4-7$ & $4-...
The control sequence at the end of the top line
of your error message was never \def'ed. If you have
misspelled it (e.g., `\hobx'), type `I' and the correct
spelling (e.g., `I\hbox'). Otherwise just continue,
and I'll forget about whatever was undefined.

! Undefined control sequence.
l.71 \multirow{2}{*}{big 1} & vips & 3 & \multirow
                                                  {2}{*}{1.00} & $4-7$ & $4-...
The control sequence at the end of the top line
of your error message was never \def'ed. If you have
misspelled it (e.g., `\hobx'), type `I' and the correct
spelling (e.g., `I\hbox'). Otherwise just continue,
and I'll forget about whatever was undefined.

! Undefined control sequence.
l.71 ...ow{2}{*}{1.00} & $4-7$ & $4-5 \xrightarrow
                                                  {\dagger} 4-7$ \\
The control sequence at the end of the top line
of your error message was never \def'ed. If you have
misspelled it (e.g., `\hobx'), type `I' and the correct
spelling (e.g., `I\hbox'). Otherwise just continue,
and I'll forget about whatever was undefined.

! Undefined control sequence.
<recently read> \multirow 
                          
l.74 \multirow
              {2}{*}{big 2} & freqmine$\dagger$ & 2 & \multirow{2}{*}{1.25} ...
The control sequence at the end of the top line
of your error message was never \def'ed. If you have
misspelled it (e.g., `\hobx'), type `I' and the correct
spelling (e.g., `I\hbox'). Otherwise just continue,
and I'll forget about whatever was undefined.

! Undefined control sequence.
l.74 ...big 2} & freqmine$\dagger$ & 2 & \multirow
                                                  {2}{*}{1.25} & $4-7$ & $4-...
The control sequence at the end of the top line
of your error message was never \def'ed. If you have
misspelled it (e.g., `\hobx'), type `I' and the correct
spelling (e.g., `I\hbox'). Otherwise just continue,
and I'll forget about whatever was undefined.

! Undefined control sequence.
l.75 ...choles & 3 &   & $4-7$ & $6-7 \xrightarrow
                                                  {\dagger} 4-7$ \\
The control sequence at the end of the top line
of your error message was never \def'ed. If you have
misspelled it (e.g., `\hobx'), type `I' and the correct
spelling (e.g., `I\hbox'). Otherwise just continue,
and I'll forget about whatever was undefined.

! Undefined control sequence.
<recently read> \multirow 
                          
l.77 \multirow
              {2}{*}{big 3} & facesim & 2 & \multirow{2}{*}{1.25} & $4-7$ & ...
The control sequence at the end of the top line
of your error message was never \def'ed. If you have
misspelled it (e.g., `\hobx'), type `I' and the correct
spelling (e.g., `I\hbox'). Otherwise just continue,
and I'll forget about whatever was undefined.

! Undefined control sequence.
l.77 ...row{2}{*}{big 3} & facesim & 2 & \multirow
                                                  {2}{*}{1.25} & $4-7$ & $4-...
The control sequence at the end of the top line
of your error message was never \def'ed. If you have
misspelled it (e.g., `\hobx'), type `I' and the correct
spelling (e.g., `I\hbox'). Otherwise just continue,
and I'll forget about whatever was undefined.

! Undefined control sequence.
<recently read> \multirow 
                          
l.80 \multirow
              {2}{*}{big 4} & facesim & 3 & \multirow{2}{*}{1.50} & $4-7$ & ...
The control sequence at the end of the top line
of your error message was never \def'ed. If you have
misspelled it (e.g., `\hobx'), type `I' and the correct
spelling (e.g., `I\hbox'). Otherwise just continue,
and I'll forget about whatever was undefined.

! Undefined control sequence.
l.80 ...row{2}{*}{big 4} & facesim & 3 & \multirow
                                                  {2}{*}{1.50} & $4-7$ & $4-...
The control sequence at the end of the top line
of your error message was never \def'ed. If you have
misspelled it (e.g., `\hobx'), type `I' and the correct
spelling (e.g., `I\hbox'). Otherwise just continue,
and I'll forget about whatever was undefined.

! Undefined control sequence.
l.80 ...row{2}{*}{1.50} & $4-7$ & $4-5\xrightarrow
                                                  {\dagger}4-7$ \\
The control sequence at the end of the top line
of your error message was never \def'ed. If you have
misspelled it (e.g., `\hobx'), type `I' and the correct
spelling (e.g., `I\hbox'). Otherwise just continue,
and I'll forget about whatever was undefined.


Overfull \hbox (48.34001pt too wide) in paragraph at lines 45--86
 \OT1/cmr/bx/n/10 Summary 
 []


Overfull \hbox (9.26384pt too wide) in paragraph at lines 45--86
 \OT1/cmr/bx/n/10 of 
 []


Overfull \hbox (16.13187pt too wide) in paragraph at lines 45--86
 \OT1/cmr/bx/n/10 the 
 []


Overfull \hbox (18.75128pt too wide) in paragraph at lines 45--86
 \OT1/cmr/bx/n/10 test 
 []


Overfull \hbox (18.75128pt too wide) in paragraph at lines 45--86
 \OT1/cmr/bx/n/10 sce- 
 []


Overfull \hbox (20.5485pt too wide) in paragraph at lines 45--86
 \OT1/cmr/bx/n/10 nar- 
 []


Overfull \hbox (16.6749pt too wide) in paragraph at lines 45--86
 \OT1/cmr/bx/n/10 ios. 
 []


Overfull \hbox (34.8091pt too wide) in paragraph at lines 45--86
 \OML/cmm/m/it/10 M[]M[]$ 
 []


Overfull \hbox (31.36925pt too wide) in paragraph at lines 45--86
 \OT1/cmr/bx/n/10 means 
 []


Overfull \hbox (20.92348pt too wide) in paragraph at lines 45--86
 \OT1/cmr/bx/n/10 that 
 []


Overfull \hbox (11.97908pt too wide) in paragraph at lines 45--86
 \OT1/cmr/bx/n/10 an 
 []


Overfull \hbox (15.8124pt too wide) in paragraph at lines 45--86
 \OT1/cmr/bx/n/10 ap- 
 []


Overfull \hbox (16.61102pt too wide) in paragraph at lines 45--86
 \OT1/cmr/bx/n/10 pli- 
 []


Overfull \hbox (14.53462pt too wide) in paragraph at lines 45--86
 \OT1/cmr/bx/n/10 ca- 
 []


Overfull \hbox (19.80545pt too wide) in paragraph at lines 45--86
 \OT1/cmr/bx/n/10 tion 
 []


Overfull \hbox (25.39568pt too wide) in paragraph at lines 45--86
 \OT1/cmr/bx/n/10 map- 
 []


Overfull \hbox (21.7221pt too wide) in paragraph at lines 45--86
 \OT1/cmr/bx/n/10 ping 
 []


Overfull \hbox (7.7305pt too wide) in paragraph at lines 45--86
 \OT1/cmr/bx/n/10 is 
 []


Overfull \hbox (40.56921pt too wide) in paragraph at lines 45--86
 \OT1/cmr/bx/n/10 changed 
 []


Overfull \hbox (23.58322pt too wide) in paragraph at lines 45--86
 \OT1/cmr/bx/n/10 from 
 []


Overfull \hbox (14.18753pt too wide) in paragraph at lines 45--86
 \OML/cmm/m/it/10 M[]$ 
 []


Overfull \hbox (10.22217pt too wide) in paragraph at lines 45--86
 \OT1/cmr/bx/n/10 to 
 []


Overfull \hbox (14.18753pt too wide) in paragraph at lines 45--86
 \OML/cmm/m/it/10 M[]$ 
 []


Overfull \hbox (12.93741pt too wide) in paragraph at lines 45--86
 \OT1/cmr/bx/n/10 af- 
 []


Overfull \hbox (14.47911pt too wide) in paragraph at lines 45--86
 \OT1/cmr/bx/n/10 ter 
 []


Overfull \hbox (15.8124pt too wide) in paragraph at lines 45--86
 \OT1/cmr/bx/n/10 ap- 
 []


Overfull \hbox (16.61102pt too wide) in paragraph at lines 45--86
 \OT1/cmr/bx/n/10 pli- 
 []


Overfull \hbox (14.53462pt too wide) in paragraph at lines 45--86
 \OT1/cmr/bx/n/10 ca- 
 []


Overfull \hbox (19.80545pt too wide) in paragraph at lines 45--86
 \OT1/cmr/bx/n/10 tion 
 []


Overfull \hbox (6.43404pt too wide) in paragraph at lines 45--86
 \OML/cmm/m/it/10 $ 
 []


Overfull \hbox (16.51515pt too wide) in paragraph at lines 45--86
 \OT1/cmr/bx/n/10 has 
 []


Overfull \hbox (18.31242pt too wide) in paragraph at lines 45--86
 \OT1/cmr/bx/n/10 ter- 
 []


Overfull \hbox (16.61102pt too wide) in paragraph at lines 45--86
 \OT1/cmr/bx/n/10 mi- 
 []


Overfull \hbox (31.30537pt too wide) in paragraph at lines 45--86
 \OT1/cmr/bx/n/10 nated. 
 []


Overfull \hbox (330.64685pt too wide) in paragraph at lines 45--86
 [] 
 []


! LaTeX Error: \begin{document} ended by \end{table}.

See the LaTeX manual or LaTeX Companion for explanation.
Type  H <return>  for immediate help.
 ...                                              
                                                  
l.87 \end{table}
                
Your command was ignored.
Type  I <command> <return>  to replace it with another command,
or  <return>  to continue without it.

)
! Emergency stop.
<*> monography.tex
                  
*** (job aborted, no legal \end found)

 
Here is how much of TeX's memory you used:
 16 strings out of 492609
 257 string characters out of 6132819
 66054 words of memory out of 5000000
 4034 multiletter control sequences out of 15000+600000
 3948 words of font info for 15 fonts, out of 8000000 for 9000
 1141 hyphenation exceptions out of 8191
 22i,8n,28p,123b,259s stack positions out of 5000i,500n,10000p,200000b,80000s
!  ==> Fatal error occurred, no output PDF file produced!
